<?xml version="1.0" encoding="UTF-8"?>
<testsuite name="com.example.softpeach.SoftpeachApplicationTests" tests="1" skipped="0" failures="0" errors="0" timestamp="2023-09-17T17:03:25" hostname="DESKTOP-5LICUD6" time="0.253">
  <properties/>
  <testcase name="contextLoads()" classname="com.example.softpeach.SoftpeachApplicationTests" time="0.253"/>
  <system-out><![CDATA[20:03:15.972 [Test worker] DEBUG org.springframework.boot.test.context.SpringBootTestContextBootstrapper -- Neither @ContextConfiguration nor @ContextHierarchy found for test class [SoftpeachApplicationTests]: using SpringBootContextLoader
20:03:15.980 [Test worker] DEBUG org.springframework.test.context.support.AbstractContextLoader -- Could not detect default resource locations for test class [com.example.softpeach.SoftpeachApplicationTests]: no resource found for suffixes {-context.xml, Context.groovy}.
20:03:15.981 [Test worker] INFO org.springframework.test.context.support.AnnotationConfigContextLoaderUtils -- Could not detect default configuration classes for test class [com.example.softpeach.SoftpeachApplicationTests]: SoftpeachApplicationTests does not declare any static, non-private, non-final, nested classes annotated with @Configuration.
20:03:16.018 [Test worker] DEBUG org.springframework.boot.test.context.SpringBootTestContextBootstrapper -- Using ContextCustomizers for test class [SoftpeachApplicationTests]: [DisableObservabilityContextCustomizer, PropertyMappingContextCustomizer, Customizer, ExcludeFilterContextCustomizer, DuplicateJsonObjectContextCustomizer, MockitoContextCustomizer, TestRestTemplateContextCustomizer]
20:03:16.119 [Test worker] DEBUG org.springframework.context.annotation.ClassPathScanningCandidateComponentProvider -- Identified candidate component class: file [C:\Users\79299\IdeaProjects\soft\build\classes\java\main\com\example\softpeach\SoftPeachApplication.class]
20:03:16.121 [Test worker] INFO org.springframework.boot.test.context.SpringBootTestContextBootstrapper -- Found @SpringBootConfiguration com.example.softpeach.SoftPeachApplication for test class com.example.softpeach.SoftpeachApplicationTests
20:03:16.322 [Test worker] DEBUG org.springframework.boot.test.context.SpringBootTestContextBootstrapper -- Using TestExecutionListeners for test class [SoftpeachApplicationTests]: [ServletTestExecutionListener, DirtiesContextBeforeModesTestExecutionListener, ApplicationEventsTestExecutionListener, MockitoTestExecutionListener, DependencyInjectionTestExecutionListener, DirtiesContextTestExecutionListener, TransactionalTestExecutionListener, SqlScriptsTestExecutionListener, WithSecurityContextTestExecutionListener, EventPublishingTestExecutionListener, ReactorContextTestExecutionListener, RestDocsTestExecutionListener, MockRestServiceServerResetTestExecutionListener, MockMvcPrintOnlyOnFailureTestExecutionListener, WebDriverTestExecutionListener, MockWebServiceServerTestExecutionListener, ResetMocksTestExecutionListener]
20:03:16.325 [Test worker] DEBUG org.springframework.test.context.support.AbstractDirtiesContextTestExecutionListener -- Before test class: class [SoftpeachApplicationTests], class annotated with @DirtiesContext [false] with mode [null]

  .   ____          _            __ _ _
 /\\ / ___'_ __ _ _(_)_ __  __ _ \ \ \ \
( ( )\___ | '_ | '_| | '_ \/ _` | \ \ \ \
 \\/  ___)| |_)| | | | | || (_| |  ) ) ) )
  '  |____| .__|_| |_|_| |_\__, | / / / /
 =========|_|==============|___/=/_/_/_/
 :: Spring Boot ::                (v3.0.5)

2023-09-17T20:03:16.775+03:00  INFO 14072 --- [    Test worker] c.e.softpeach.SoftpeachApplicationTests  : Starting SoftpeachApplicationTests using Java 17.0.5 with PID 14072 (started by 79299 in C:\Users\79299\IdeaProjects\soft)
2023-09-17T20:03:16.778+03:00  INFO 14072 --- [    Test worker] c.e.softpeach.SoftpeachApplicationTests  : No active profile set, falling back to 1 default profile: "default"
2023-09-17T20:03:18.403+03:00  INFO 14072 --- [    Test worker] .s.d.r.c.RepositoryConfigurationDelegate : Bootstrapping Spring Data JPA repositories in DEFAULT mode.
2023-09-17T20:03:18.493+03:00  INFO 14072 --- [    Test worker] .s.d.r.c.RepositoryConfigurationDelegate : Finished Spring Data repository scanning in 77 ms. Found 5 JPA repository interfaces.
2023-09-17T20:03:19.469+03:00  INFO 14072 --- [    Test worker] o.hibernate.jpa.internal.util.LogHelper  : HHH000204: Processing PersistenceUnitInfo [name: default]
2023-09-17T20:03:19.569+03:00  INFO 14072 --- [    Test worker] org.hibernate.Version                    : HHH000412: Hibernate ORM core version 6.1.7.Final
2023-09-17T20:03:20.065+03:00  INFO 14072 --- [    Test worker] com.zaxxer.hikari.HikariDataSource       : HikariPool-1 - Starting...
2023-09-17T20:03:20.346+03:00  INFO 14072 --- [    Test worker] com.zaxxer.hikari.pool.HikariPool        : HikariPool-1 - Added connection org.postgresql.jdbc.PgConnection@2faf6e4a
2023-09-17T20:03:20.349+03:00  INFO 14072 --- [    Test worker] com.zaxxer.hikari.HikariDataSource       : HikariPool-1 - Start completed.
2023-09-17T20:03:20.418+03:00  INFO 14072 --- [    Test worker] SQL dialect                              : HHH000400: Using dialect: org.hibernate.dialect.PostgreSQLDialect
2023-09-17T20:03:21.927+03:00  INFO 14072 --- [    Test worker] o.h.e.t.j.p.i.JtaPlatformInitiator       : HHH000490: Using JtaPlatform implementation: [org.hibernate.engine.transaction.jta.platform.internal.NoJtaPlatform]
2023-09-17T20:03:21.939+03:00  INFO 14072 --- [    Test worker] j.LocalContainerEntityManagerFactoryBean : Initialized JPA EntityManagerFactory for persistence unit 'default'
2023-09-17T20:03:22.866+03:00  WARN 14072 --- [    Test worker] JpaBaseConfiguration$JpaWebConfiguration : spring.jpa.open-in-view is enabled by default. Therefore, database queries may be performed during view rendering. Explicitly configure spring.jpa.open-in-view to disable this warning
2023-09-17T20:03:23.572+03:00  INFO 14072 --- [    Test worker] o.s.b.a.w.s.WelcomePageHandlerMapping    : Adding welcome page template: index
2023-09-17T20:03:24.157+03:00  INFO 14072 --- [    Test worker] o.s.b.a.e.web.EndpointLinksResolver      : Exposing 1 endpoint(s) beneath base path '/actuator'
2023-09-17T20:03:24.272+03:00  INFO 14072 --- [    Test worker] o.s.s.web.DefaultSecurityFilterChain     : Will secure any request with [org.springframework.security.web.session.DisableEncodeUrlFilter@fcae085, org.springframework.security.web.context.request.async.WebAsyncManagerIntegrationFilter@3e3c6323, org.springframework.security.web.context.SecurityContextHolderFilter@631c6ef4, org.springframework.security.web.header.HeaderWriterFilter@1aee0f49, org.springframework.security.web.csrf.CsrfFilter@763a72da, org.springframework.security.web.authentication.logout.LogoutFilter@33602729, org.springframework.security.web.authentication.UsernamePasswordAuthenticationFilter@55854382, org.springframework.security.web.savedrequest.RequestCacheAwareFilter@7441edeb, org.springframework.security.web.servletapi.SecurityContextHolderAwareRequestFilter@58df431e, org.springframework.security.web.authentication.AnonymousAuthenticationFilter@6f404bc6, org.springframework.security.web.access.ExceptionTranslationFilter@18f1260, org.springframework.security.web.access.intercept.AuthorizationFilter@4583a186]
2023-09-17T20:03:25.291+03:00  INFO 14072 --- [    Test worker] c.e.softpeach.SoftpeachApplicationTests  : Started SoftpeachApplicationTests in 8.899 seconds (process running for 11.241)
]]></system-out>
  <system-err><![CDATA[]]></system-err>
</testsuite>
