<?xml version="1.0" encoding="UTF-8"?>
<testsuite name="com.example.softpeach.serviceTest.OrderTest" tests="4" skipped="0" failures="0" errors="0" timestamp="2023-09-17T14:43:55" hostname="DESKTOP-5LICUD6" time="0.01">
  <properties/>
  <testcase name="testDeleteOrder()" classname="com.example.softpeach.serviceTest.OrderTest" time="0.001"/>
  <testcase name="testListOrders()" classname="com.example.softpeach.serviceTest.OrderTest" time="0.002"/>
  <testcase name="testGetOrderById()" classname="com.example.softpeach.serviceTest.OrderTest" time="0.002"/>
  <testcase name="testSaveOrder()" classname="com.example.softpeach.serviceTest.OrderTest" time="0.001"/>
  <system-out><![CDATA[]]></system-out>
  <system-err><![CDATA[]]></system-err>
</testsuite>
