<?xml version="1.0" encoding="UTF-8"?>
<testsuite name="com.example.softpeach.SoftpeachApplicationTests" tests="1" skipped="0" failures="0" errors="0" timestamp="2023-09-17T14:43:55" hostname="DESKTOP-5LICUD6" time="0.234">
  <properties/>
  <testcase name="contextLoads()" classname="com.example.softpeach.SoftpeachApplicationTests" time="0.234"/>
  <system-out><![CDATA[17:43:46.111 [Test worker] DEBUG org.springframework.boot.test.context.SpringBootTestContextBootstrapper -- Neither @ContextConfiguration nor @ContextHierarchy found for test class [SoftpeachApplicationTests]: using SpringBootContextLoader
17:43:46.123 [Test worker] DEBUG org.springframework.test.context.support.AbstractContextLoader -- Could not detect default resource locations for test class [com.example.softpeach.SoftpeachApplicationTests]: no resource found for suffixes {-context.xml, Context.groovy}.
17:43:46.125 [Test worker] INFO org.springframework.test.context.support.AnnotationConfigContextLoaderUtils -- Could not detect default configuration classes for test class [com.example.softpeach.SoftpeachApplicationTests]: SoftpeachApplicationTests does not declare any static, non-private, non-final, nested classes annotated with @Configuration.
17:43:46.174 [Test worker] DEBUG org.springframework.boot.test.context.SpringBootTestContextBootstrapper -- Using ContextCustomizers for test class [SoftpeachApplicationTests]: [DisableObservabilityContextCustomizer, PropertyMappingContextCustomizer, Customizer, ExcludeFilterContextCustomizer, DuplicateJsonObjectContextCustomizer, MockitoContextCustomizer, TestRestTemplateContextCustomizer]
17:43:46.299 [Test worker] DEBUG org.springframework.context.annotation.ClassPathScanningCandidateComponentProvider -- Identified candidate component class: file [C:\Users\79299\IdeaProjects\soft\build\classes\java\main\com\example\softpeach\SoftPeachApplication.class]
17:43:46.301 [Test worker] INFO org.springframework.boot.test.context.SpringBootTestContextBootstrapper -- Found @SpringBootConfiguration com.example.softpeach.SoftPeachApplication for test class com.example.softpeach.SoftpeachApplicationTests
17:43:46.518 [Test worker] DEBUG org.springframework.boot.test.context.SpringBootTestContextBootstrapper -- Using TestExecutionListeners for test class [SoftpeachApplicationTests]: [ServletTestExecutionListener, DirtiesContextBeforeModesTestExecutionListener, ApplicationEventsTestExecutionListener, MockitoTestExecutionListener, DependencyInjectionTestExecutionListener, DirtiesContextTestExecutionListener, TransactionalTestExecutionListener, SqlScriptsTestExecutionListener, WithSecurityContextTestExecutionListener, EventPublishingTestExecutionListener, ReactorContextTestExecutionListener, RestDocsTestExecutionListener, MockRestServiceServerResetTestExecutionListener, MockMvcPrintOnlyOnFailureTestExecutionListener, WebDriverTestExecutionListener, MockWebServiceServerTestExecutionListener, ResetMocksTestExecutionListener]
17:43:46.520 [Test worker] DEBUG org.springframework.test.context.support.AbstractDirtiesContextTestExecutionListener -- Before test class: class [SoftpeachApplicationTests], class annotated with @DirtiesContext [false] with mode [null]

  .   ____          _            __ _ _
 /\\ / ___'_ __ _ _(_)_ __  __ _ \ \ \ \
( ( )\___ | '_ | '_| | '_ \/ _` | \ \ \ \
 \\/  ___)| |_)| | | | | || (_| |  ) ) ) )
  '  |____| .__|_| |_|_| |_\__, | / / / /
 =========|_|==============|___/=/_/_/_/
 :: Spring Boot ::                (v3.0.5)

2023-09-17T17:43:47.183+03:00  INFO 14440 --- [    Test worker] c.e.softpeach.SoftpeachApplicationTests  : Starting SoftpeachApplicationTests using Java 17.0.5 with PID 14440 (started by 79299 in C:\Users\79299\IdeaProjects\soft)
2023-09-17T17:43:47.187+03:00  INFO 14440 --- [    Test worker] c.e.softpeach.SoftpeachApplicationTests  : No active profile set, falling back to 1 default profile: "default"
2023-09-17T17:43:49.111+03:00  INFO 14440 --- [    Test worker] .s.d.r.c.RepositoryConfigurationDelegate : Bootstrapping Spring Data JPA repositories in DEFAULT mode.
2023-09-17T17:43:49.233+03:00  INFO 14440 --- [    Test worker] .s.d.r.c.RepositoryConfigurationDelegate : Finished Spring Data repository scanning in 100 ms. Found 5 JPA repository interfaces.
2023-09-17T17:43:50.192+03:00  INFO 14440 --- [    Test worker] o.hibernate.jpa.internal.util.LogHelper  : HHH000204: Processing PersistenceUnitInfo [name: default]
2023-09-17T17:43:50.281+03:00  INFO 14440 --- [    Test worker] org.hibernate.Version                    : HHH000412: Hibernate ORM core version 6.1.7.Final
2023-09-17T17:43:50.736+03:00  INFO 14440 --- [    Test worker] com.zaxxer.hikari.HikariDataSource       : HikariPool-1 - Starting...
2023-09-17T17:43:50.966+03:00  INFO 14440 --- [    Test worker] com.zaxxer.hikari.pool.HikariPool        : HikariPool-1 - Added connection org.postgresql.jdbc.PgConnection@4491eaeb
2023-09-17T17:43:50.969+03:00  INFO 14440 --- [    Test worker] com.zaxxer.hikari.HikariDataSource       : HikariPool-1 - Start completed.
2023-09-17T17:43:51.011+03:00  INFO 14440 --- [    Test worker] SQL dialect                              : HHH000400: Using dialect: org.hibernate.dialect.PostgreSQLDialect
2023-09-17T17:43:52.473+03:00  INFO 14440 --- [    Test worker] o.h.e.t.j.p.i.JtaPlatformInitiator       : HHH000490: Using JtaPlatform implementation: [org.hibernate.engine.transaction.jta.platform.internal.NoJtaPlatform]
2023-09-17T17:43:52.497+03:00  INFO 14440 --- [    Test worker] j.LocalContainerEntityManagerFactoryBean : Initialized JPA EntityManagerFactory for persistence unit 'default'
2023-09-17T17:43:53.313+03:00  WARN 14440 --- [    Test worker] JpaBaseConfiguration$JpaWebConfiguration : spring.jpa.open-in-view is enabled by default. Therefore, database queries may be performed during view rendering. Explicitly configure spring.jpa.open-in-view to disable this warning
2023-09-17T17:43:53.968+03:00  INFO 14440 --- [    Test worker] o.s.b.a.w.s.WelcomePageHandlerMapping    : Adding welcome page template: index
2023-09-17T17:43:54.420+03:00  INFO 14440 --- [    Test worker] o.s.b.a.e.web.EndpointLinksResolver      : Exposing 1 endpoint(s) beneath base path '/actuator'
2023-09-17T17:43:54.514+03:00  INFO 14440 --- [    Test worker] o.s.s.web.DefaultSecurityFilterChain     : Will secure any request with [org.springframework.security.web.session.DisableEncodeUrlFilter@1f4d9c7f, org.springframework.security.web.context.request.async.WebAsyncManagerIntegrationFilter@6dcb4f30, org.springframework.security.web.context.SecurityContextHolderFilter@3f13720f, org.springframework.security.web.header.HeaderWriterFilter@58df431e, org.springframework.security.web.csrf.CsrfFilter@2643c33f, org.springframework.security.web.authentication.logout.LogoutFilter@7a458c73, org.springframework.security.web.authentication.UsernamePasswordAuthenticationFilter@3e3c6323, org.springframework.security.web.savedrequest.RequestCacheAwareFilter@62d4dac4, org.springframework.security.web.servletapi.SecurityContextHolderAwareRequestFilter@11efa76e, org.springframework.security.web.authentication.AnonymousAuthenticationFilter@77f66138, org.springframework.security.web.access.ExceptionTranslationFilter@9e2b199, org.springframework.security.web.access.intercept.AuthorizationFilter@fcae085]
2023-09-17T17:43:55.415+03:00  INFO 14440 --- [    Test worker] c.e.softpeach.SoftpeachApplicationTests  : Started SoftpeachApplicationTests in 8.813 seconds (process running for 10.959)
]]></system-out>
  <system-err><![CDATA[]]></system-err>
</testsuite>
