<?xml version="1.0" encoding="UTF-8"?>
<testsuite name="com.example.softpeach.serviceTest.EmailTest" tests="1" skipped="0" failures="0" errors="0" timestamp="2023-09-17T14:43:55" hostname="DESKTOP-5LICUD6" time="0.004">
  <properties/>
  <testcase name="testSendMessage()" classname="com.example.softpeach.serviceTest.EmailTest" time="0.004"/>
  <system-out><![CDATA[]]></system-out>
  <system-err><![CDATA[]]></system-err>
</testsuite>
